This is the Google Pub/Sub fake.
Implementation may be incomplete or differ from the real system.
Dec 15, 2021 7:08:06 PM com.google.cloud.pubsub.testing.v1.Main main
INFO: IAM integration is disabled. IAM policy methods and ACL checks are not supported
Dec 15, 2021 7:08:07 PM io.gapi.emulators.netty.NettyUtil applyJava7LongHostnameWorkaround
INFO: Applied Java 7 long hostname workaround.
Dec 15, 2021 7:08:07 PM com.google.cloud.pubsub.testing.v1.Main main
INFO: Server started, listening on 8083
Dec 15, 2021 7:08:07 PM io.gapi.emulators.grpc.GrpcServer$3 operationComplete
INFO: Adding handler(s) to newly registered Channel.
Dec 15, 2021 7:08:28 PM io.gapi.emulators.grpc.GrpcServer$3 operationComplete
INFO: Adding handler(s) to newly registered Channel.
Dec 15, 2021 7:08:28 PM io.gapi.emulators.netty.HttpVersionRoutingHandler channelRead
INFO: Detected HTTP/2 connection.
Dec 15, 2021 7:08:51 PM io.gapi.emulators.grpc.GrpcServer$3 operationComplete
INFO: Adding handler(s) to newly registered Channel.
Dec 15, 2021 7:08:51 PM io.gapi.emulators.netty.HttpVersionRoutingHandler channelRead
INFO: Detected HTTP/2 connection.
Dec 15, 2021 7:09:13 PM io.gapi.emulators.grpc.GrpcServer$3 operationComplete
INFO: Adding handler(s) to newly registered Channel.
Dec 15, 2021 7:09:13 PM io.gapi.emulators.netty.HttpVersionRoutingHandler channelRead
INFO: Detected HTTP/2 connection.
Dec 15, 2021 7:09:39 PM io.gapi.emulators.grpc.GrpcServer$3 operationComplete
INFO: Adding handler(s) to newly registered Channel.
Dec 15, 2021 7:09:39 PM io.gapi.emulators.netty.HttpVersionRoutingHandler channelRead
INFO: Detected HTTP/2 connection.
